<?xml version="1.0" encoding="UTF-8"?>
<testng-results ignored="0" total="3" passed="3" failed="0" skipped="0">
  <reporter-output>
  </reporter-output>
  <suite started-at="2025-03-15T20:32:43 IST" name="PetStoreAPITestSuite" finished-at="2025-03-15T20:32:53 IST" duration-ms="9583">
    <groups>
    </groups>
    <test started-at="2025-03-15T20:32:43 IST" name="PetAPI Tests" finished-at="2025-03-15T20:32:53 IST" duration-ms="9583">
      <class name="tests.petAPItest">
        <test-method signature="post()[pri:1, instance:tests.petAPItest@c8c12ac]" started-at="2025-03-15T20:32:43 IST" name="post" finished-at="2025-03-15T20:32:45 IST" duration-ms="2170" status="PASS">
          <reporter-output>
          </reporter-output>
        </test-method> <!-- post -->
        <test-method signature="get()[pri:2, instance:tests.petAPItest@c8c12ac]" started-at="2025-03-15T20:32:45 IST" name="get" finished-at="2025-03-15T20:32:52 IST" duration-ms="6227" status="PASS">
          <reporter-output>
          </reporter-output>
        </test-method> <!-- get -->
        <test-method signature="delete()[pri:3, instance:tests.petAPItest@c8c12ac]" started-at="2025-03-15T20:32:52 IST" name="delete" finished-at="2025-03-15T20:32:53 IST" duration-ms="1154" status="PASS">
          <reporter-output>
          </reporter-output>
        </test-method> <!-- delete -->
      </class> <!-- tests.petAPItest -->
    </test> <!-- PetAPI Tests -->
  </suite> <!-- PetStoreAPITestSuite -->
</testng-results>
