<?xml version="1.0" encoding="UTF-8"?>
<testng-results ignored="0" total="1" passed="1" failed="0" skipped="0">
  <reporter-output>
  </reporter-output>
  <suite started-at="2025-03-23T00:48:17 IST" name="Default suite" finished-at="2025-03-23T00:48:42 IST" duration-ms="25133">
    <groups>
    </groups>
    <test started-at="2025-03-23T00:48:17 IST" name="Default test" finished-at="2025-03-23T00:48:42 IST" duration-ms="25133">
      <class name="tests.NaukriLoginTest">
        <test-method is-config="true" signature="setup()[pri:0, instance:tests.NaukriLoginTest@79d8407f]" started-at="2025-03-23T00:48:17 IST" name="setup" finished-at="2025-03-23T00:48:20 IST" duration-ms="2632" status="PASS">
          <reporter-output>
          </reporter-output>
        </test-method> <!-- setup -->
        <test-method signature="naukriLoginTest()[pri:0, instance:tests.NaukriLoginTest@79d8407f]" started-at="2025-03-23T00:48:20 IST" name="naukriLoginTest" finished-at="2025-03-23T00:48:41 IST" duration-ms="21864" status="PASS">
          <reporter-output>
          </reporter-output>
        </test-method> <!-- naukriLoginTest -->
        <test-method is-config="true" signature="teardown()[pri:0, instance:tests.NaukriLoginTest@79d8407f]" started-at="2025-03-23T00:48:41 IST" name="teardown" finished-at="2025-03-23T00:48:42 IST" duration-ms="600" status="PASS">
          <reporter-output>
          </reporter-output>
        </test-method> <!-- teardown -->
      </class> <!-- tests.NaukriLoginTest -->
    </test> <!-- Default test -->
  </suite> <!-- Default suite -->
</testng-results>
